[2026-03-26T09:11:36.790Z] API POST - Session: true User ID: 69c3921fcd1ea8dd45ae7f1c
[2026-03-26T09:11:36.908Z] API POST - User found: true
[2026-03-26T09:11:36.909Z] API POST - moodHistory was missing, initializing array
[2026-03-26T09:11:36.916Z] API POST - Saved successfully. History Length: 1
[2026-03-26T09:11:38.902Z] API POST - Session: true User ID: 69c3921fcd1ea8dd45ae7f1c
[2026-03-26T09:11:38.908Z] API POST - User found: true
[2026-03-26T09:11:38.909Z] API POST - moodHistory was missing, initializing array
[2026-03-26T09:11:38.915Z] API POST - Saved successfully. History Length: 1
[2026-03-26T09:11:48.604Z] API GET - Session: true User ID: 69c3921fcd1ea8dd45ae7f1c
[2026-03-26T09:11:48.612Z] API GET - User found: true History Length: undefined
[2026-03-26T09:11:49.007Z] API GET - Session: true User ID: 69c3921fcd1ea8dd45ae7f1c
[2026-03-26T09:11:49.013Z] API GET - User found: true History Length: undefined
[2026-03-26T09:12:19.325Z] API POST - Session: true User ID: 69c3921fcd1ea8dd45ae7f1c
[2026-03-26T09:12:19.333Z] API POST - User found: true
[2026-03-26T09:12:19.334Z] API POST - moodHistory was missing, initializing array
[2026-03-26T09:12:19.341Z] API POST - Saved successfully. History Length: 1
[2026-03-26T09:12:35.247Z] API GET - Session: true User ID: 69c3921fcd1ea8dd45ae7f1c
[2026-03-26T09:12:35.255Z] API GET - User found: true History Length: undefined
[2026-03-26T09:12:35.309Z] API GET - Session: true User ID: 69c3921fcd1ea8dd45ae7f1c
[2026-03-26T09:12:35.313Z] API GET - User found: true History Length: undefined
[2026-03-26T09:14:04.513Z] API POST - Session: true User ID: 69c3921fcd1ea8dd45ae7f1c
[2026-03-26T09:14:04.519Z] API POST - User found: true
[2026-03-26T09:14:04.520Z] API POST - moodHistory was missing, initializing array
[2026-03-26T09:14:04.525Z] API POST - Saved successfully. History Length: 1
[2026-03-26T09:14:23.316Z] API GET - Session: true User ID: 69c3921fcd1ea8dd45ae7f1c
[2026-03-26T09:14:23.322Z] API GET - User found: true History Length: undefined
[2026-03-26T09:14:23.363Z] API GET - Session: true User ID: 69c3921fcd1ea8dd45ae7f1c
[2026-03-26T09:14:23.367Z] API GET - User found: true History Length: undefined
[2026-03-26T09:14:31.703Z] API GET - Session: true User ID: 69c3921fcd1ea8dd45ae7f1c
[2026-03-26T09:14:31.711Z] API GET - User found: true History Length: undefined
[2026-03-26T09:16:26.913Z] API POST - Session: true User ID: 69c3921fcd1ea8dd45ae7f1c
[2026-03-26T09:16:26.948Z] API POST - User found: true
[2026-03-26T09:16:26.983Z] API POST - Saved successfully. History Length: 1
[2026-03-26T09:16:41.285Z] API POST - Session: true User ID: 69c3921fcd1ea8dd45ae7f1c
[2026-03-26T09:16:41.294Z] API POST - User found: true
[2026-03-26T09:16:41.305Z] API POST - Saved successfully. History Length: 2
[2026-03-26T09:16:49.142Z] API GET - Session: true User ID: 69c3921fcd1ea8dd45ae7f1c
[2026-03-26T09:16:49.149Z] API GET - User found: true History Length: 2
